# JRE version: OpenJDK Runtime Environment 18.9 (11.0.11+9) (build 11.0.11+9)
# Java VM: OpenJDK 64-Bit Server VM 18.9 (11.0.11+9, mixed mode, tiered, compressed oops, g1 gc, windows-amd64)
Heap:
 garbage-first heap   total 262144K, used 165710K [0x0000000740000000, 0x0000000800000000)
  region size 1024K, 47 young (48128K), 1 survivors (1024K)
 Metaspace       used 112779K, capacity 115902K, committed 116096K, reserved 1148928K
  class space    used 15094K, capacity 16506K, committed 16512K, reserved 1048576K
GC Heap History (20 events):
Event: 444.774 GC heap before
{Heap before GC invocations=110 (full 1):
 garbage-first heap   total 262144K, used 183789K [0x0000000740000000, 0x0000000800000000)
  region size 1024K, 60 young (61440K), 4 survivors (4096K)
 Metaspace       used 107420K, capacity 110454K, committed 110592K, reserved 1144832K
  class space    used 14214K, capacity 15577K, committed 15616K, reserved 1048576K
}
Event: 444.778 GC heap after
{Heap after GC invocations=111 (full 1):
 garbage-first heap   total 262144K, used 126438K [0x0000000740000000, 0x0000000800000000)
  region size 1024K, 4 young (4096K), 4 survivors (4096K)
 Metaspace       used 107420K, capacity 110454K, committed 110592K, reserved 1144832K
  class space    used 14214K, capacity 15577K, committed 15616K, reserved 1048576K
}
Event: 445.858 GC heap before
{Heap before GC invocations=111 (full 1):
 garbage-first heap   total 262144K, used 183782K [0x0000000740000000, 0x0000000800000000)
  region size 1024K, 60 young (61440K), 4 survivors (4096K)
 Metaspace       used 107424K, capacity 110454K, committed 110592K, reserved 1144832K
  class space    used 14215K, capacity 15577K, committed 15616K, reserved 1048576K
}
Event: 445.861 GC heap after
{Heap after GC invocations=112 (full 1):
 garbage-first heap   total 262144K, used 126134K [0x0000000740000000, 0x0000000800000000)
  region size 1024K, 4 young (4096K), 4 survivors (4096K)
 Metaspace       used 107424K, capacity 110454K, committed 110592K, reserved 1144832K
  class space    used 14215K, capacity 15577K, committed 15616K, reserved 1048576K
}
Event: 446.746 GC heap before
{Heap before GC invocations=112 (full 1):
 garbage-first heap   total 262144K, used 155830K [0x0000000740000000, 0x0000000800000000)
  region size 1024K, 35 young (35840K), 4 survivors (4096K)
 Metaspace       used 107480K, capacity 110519K, committed 110592K, reserved 1144832K
  class space    used 14224K, capacity 15577K, committed 15616K, reserved 1048576K
}
Event: 446.750 GC heap after
{Heap after GC invocations=113 (full 1):
 garbage-first heap   total 262144K, used 127672K [0x0000000740000000, 0x0000000800000000)
  region size 1024K, 4 young (4096K), 4 survivors (4096K)
 Metaspace       used 107480K, capacity 110519K, committed 110592K, reserved 1144832K
  class space    used 14224K, capacity 15577K, committed 15616K, reserved 1048576K
}
Event: 456.563 GC heap before
{Heap before GC invocations=114 (full 1):
 garbage-first heap   total 262144K, used 185016K [0x0000000740000000, 0x0000000800000000)
  region size 1024K, 60 young (61440K), 4 survivors (4096K)
 Metaspace       used 107619K, capacity 110715K, committed 110848K, reserved 1144832K
  class space    used 14226K, capacity 15578K, committed 15616K, reserved 1048576K
}
Event: 456.567 GC heap after
{Heap after GC invocations=115 (full 1):
 garbage-first heap   total 262144K, used 127756K [0x0000000740000000, 0x0000000800000000)
  region size 1024K, 3 young (3072K), 3 survivors (3072K)
 Metaspace       used 107619K, capacity 110715K, committed 110848K, reserved 1144832K
  class space    used 14226K, capacity 15578K, committed 15616K, reserved 1048576K
}
Event: 457.952 GC heap before
{Heap before GC invocations=115 (full 1):
 garbage-first heap   total 262144K, used 186124K [0x0000000740000000, 0x0000000800000000)
  region size 1024K, 60 young (61440K), 3 survivors (3072K)
 Metaspace       used 108780K, capacity 111834K, committed 112000K, reserved 1144832K
  class space    used 14510K, capacity 15884K, committed 16000K, reserved 1048576K
}
Event: 457.960 GC heap after
{Heap after GC invocations=116 (full 1):
 garbage-first heap   total 262144K, used 130784K [0x0000000740000000, 0x0000000800000000)
  region size 1024K, 6 young (6144K), 6 survivors (6144K)
 Metaspace       used 108780K, capacity 111834K, committed 112000K, reserved 1144832K
  class space    used 14510K, capacity 15884K, committed 16000K, reserved 1048576K
}
Event: 458.591 GC heap before
{Heap before GC invocations=117 (full 1):
 garbage-first heap   total 262144K, used 186080K [0x0000000740000000, 0x0000000800000000)
  region size 1024K, 60 young (61440K), 6 survivors (6144K)
 Metaspace       used 111170K, capacity 114302K, committed 114432K, reserved 1146880K
  class space    used 14934K, capacity 16335K, committed 16384K, reserved 1048576K
}
Event: 458.598 GC heap after
{Heap after GC invocations=118 (full 1):
 garbage-first heap   total 262144K, used 133653K [0x0000000740000000, 0x0000000800000000)
  region size 1024K, 7 young (7168K), 7 survivors (7168K)
 Metaspace       used 111170K, capacity 114302K, committed 114432K, reserved 1146880K
  class space    used 14934K, capacity 16335K, committed 16384K, reserved 1048576K
}
Event: 458.687 GC heap before
{Heap before GC invocations=118 (full 1):
 garbage-first heap   total 262144K, used 152085K [0x0000000740000000, 0x0000000800000000)
  region size 1024K, 14 young (14336K), 7 survivors (7168K)
 Metaspace       used 111888K, capacity 115012K, committed 115328K, reserved 1148928K
  class space    used 15011K, capacity 16401K, committed 16512K, reserved 1048576K
}
Event: 458.763 GC heap after
{Heap after GC invocations=119 (full 2):
 garbage-first heap   total 262144K, used 119862K [0x0000000740000000, 0x0000000800000000)
  region size 1024K, 0 young (0K), 0 survivors (0K)
 Metaspace       used 111888K, capacity 115012K, committed 115328K, reserved 1148928K
  class space    used 15011K, capacity 16401K, committed 16512K, reserved 1048576K
}
Event: 458.803 GC heap before
{Heap before GC invocations=119 (full 2):
 garbage-first heap   total 262144K, used 120886K [0x0000000740000000, 0x0000000800000000)
  region size 1024K, 2 young (2048K), 0 survivors (0K)
 Metaspace       used 111912K, capacity 115044K, committed 115328K, reserved 1148928K
  class space    used 15014K, capacity 16433K, committed 16512K, reserved 1048576K
}
Event: 458.805 GC heap after
{Heap after GC invocations=120 (full 2):
 garbage-first heap   total 262144K, used 120886K [0x0000000740000000, 0x0000000800000000)
  region size 1024K, 1 young (1024K), 1 survivors (1024K)
 Metaspace       used 111912K, capacity 115044K, committed 115328K, reserved 1148928K
  class space    used 15014K, capacity 16433K, committed 16512K, reserved 1048576K
}
Event: 463.570 GC heap before
{Heap before GC invocations=121 (full 2):
 garbage-first heap   total 262144K, used 189494K [0x0000000740000000, 0x0000000800000000)
  region size 1024K, 60 young (61440K), 1 survivors (1024K)
 Metaspace       used 112114K, capacity 115345K, committed 115584K, reserved 1148928K
  class space    used 15034K, capacity 16470K, committed 16512K, reserved 1048576K
}
Event: 463.573 GC heap after
{Heap after GC invocations=122 (full 2):
 garbage-first heap   total 262144K, used 129078K [0x0000000740000000, 0x0000000800000000)
  region size 1024K, 1 young (1024K), 1 survivors (1024K)
 Metaspace       used 112114K, capacity 115345K, committed 115584K, reserved 1148928K
  class space    used 15034K, capacity 16470K, committed 16512K, reserved 1048576K
}
Event: 469.518 GC heap before
{Heap before GC invocations=122 (full 2):
 garbage-first heap   total 262144K, used 189494K [0x0000000740000000, 0x0000000800000000)
  region size 1024K, 60 young (61440K), 1 survivors (1024K)
 Metaspace       used 112228K, capacity 115413K, committed 115584K, reserved 1148928K
  class space    used 15034K, capacity 16471K, committed 16512K, reserved 1048576K
}
Event: 469.521 GC heap after
{Heap after GC invocations=123 (full 2):
 garbage-first heap   total 262144K, used 124750K [0x0000000740000000, 0x0000000800000000)
  region size 1024K, 1 young (1024K), 1 survivors (1024K)
 Metaspace       used 112228K, capacity 115413K, committed 115584K, reserved 1148928K
  class space    used 15034K, capacity 16471K, committed 16512K, reserved 1048576K
}

